<?xml version="1.0" encoding="UTF-8"?>
<!-- Generated by org.testng.reporters.JUnitXMLReporter -->
<testsuite ignored="0" hostname="DESKTOP-832683M" failures="0" tests="4" name="ChromeTest" time="24.478" errors="0" timestamp="2024-04-09T15:45:22 IST">
  <testcase classname="apr5.CrossBrowserTesting" name="verify_login" time="12.906"/>
  <testcase classname="apr5.CrossBrowserTesting" name="verify_login" time="1.883"/>
  <testcase classname="apr5.CrossBrowserTesting" name="verify_login" time="3.2"/>
  <testcase classname="apr5.CrossBrowserTesting" name="verify_login" time="2.099"/>
</testsuite> <!-- ChromeTest -->
