<?xml version="1.0" encoding="UTF-8"?>
<!-- Generated by org.testng.reporters.JUnitXMLReporter -->
<testsuite ignored="0" hostname="DESKTOP-832683M" failures="0" tests="4" name="MicrosoftEdgeTest" time="21.375" errors="0" timestamp="2024-04-09T15:45:44 IST">
  <testcase classname="apr5.CrossBrowserTesting" name="verify_login" time="11.438"/>
  <testcase classname="apr5.CrossBrowserTesting" name="verify_login" time="2.645"/>
  <testcase classname="apr5.CrossBrowserTesting" name="verify_login" time="2.228"/>
  <testcase classname="apr5.CrossBrowserTesting" name="verify_login" time="1.921"/>
</testsuite> <!-- MicrosoftEdgeTest -->
