<?xml version="1.0" encoding="UTF-8"?>
<!-- Generated by org.testng.reporters.JUnitXMLReporter -->
<testsuite ignored="0" hostname="DESKTOP-832683M" failures="0" tests="3" name="Test1" time="12.742" errors="0" timestamp="2024-04-07T15:27:19 IST">
  <testcase classname="apr3.FirstTestNGClass" name="cbanking" time="0.642"/>
  <testcase classname="apr3.FirstTestNGClass" name="ibanking" time="0.727"/>
  <testcase classname="apr3.FirstTestNGClass" name="pbanking" time="1.174"/>
</testsuite> <!-- Test1 -->
