<?xml version="1.0" encoding="UTF-8"?>
<!-- Generated by org.testng.reporters.JUnitXMLReporter -->
<testsuite ignored="1" hostname="DESKTOP-832683M" failures="0" tests="6" name="Test2" time="86.971" errors="0" timestamp="2024-04-07T15:28:46 IST">
  <testcase classname="apr3.SecondTestNgClass" name="Leave" time="1.091"/>
  <testcase classname="apr3.SecondTestNgClass" name="Admin" time="2.309"/>
  <testcase classname="apr3.SecondTestNgClass" name="Admin" time="1.99"/>
  <testcase classname="apr3.SecondTestNgClass" name="Admin" time="2.709"/>
  <testcase classname="apr3.SecondTestNgClass" name="Admin" time="2.151"/>
  <testcase classname="apr3.SecondTestNgClass" name="Admin" time="2.066"/>
  <testcase classname="apr3.SecondTestNgClass" name="PIM" time="0.0">
    <ignored/>
  </testcase> <!-- PIM -->
</testsuite> <!-- Test2 -->
