<?xml version="1.0" encoding="UTF-8"?>
<testng-results ignored="0" total="1" passed="1" failed="0" skipped="0">
  <reporter-output>
    <line>
      <![CDATA[Title is not matching expected [true] but found [false]]]>
    </line>
  </reporter-output>
  <suite started-at="2024-04-09T16:44:58 IST" name="Default suite" finished-at="2024-04-09T16:45:21 IST" duration-ms="23251">
    <groups>
    </groups>
    <test started-at="2024-04-09T16:44:58 IST" name="Default test" finished-at="2024-04-09T16:45:21 IST" duration-ms="23251">
      <class name="apr5.VerifyTtle2">
        <test-method signature="startTest()[pri:0, instance:apr5.VerifyTtle2@66498326]" started-at="2024-04-09T16:44:58 IST" name="startTest" finished-at="2024-04-09T16:45:21 IST" duration-ms="23183" status="PASS">
          <reporter-output>
            <line>
              <![CDATA[Title is not matching expected [true] but found [false]]]>
            </line>
          </reporter-output>
        </test-method> <!-- startTest -->
      </class> <!-- apr5.VerifyTtle2 -->
    </test> <!-- Default test -->
  </suite> <!-- Default suite -->
</testng-results>
