<?xml version="1.0" encoding="UTF-8"?>
<!-- Generated by org.testng.reporters.JUnitXMLReporter -->
<testsuite ignored="1" hostname="DESKTOP-832683M" failures="0" tests="9" name="testngReports" time="309.453" errors="0" timestamp="2024-04-07T14:23:53 IST">
  <testcase classname="apr3.FirstTestNGClass" name="cbanking" time="6.797"/>
  <testcase classname="apr3.FirstTestNGClass" name="ibanking" time="1.566"/>
  <testcase classname="apr3.FirstTestNGClass" name="pbanking" time="1.596"/>
  <testcase classname="apr3.SecondTestNgClass" name="Leave" time="3.567"/>
  <testcase classname="apr3.SecondTestNgClass" name="Admin" time="4.624"/>
  <testcase classname="apr3.SecondTestNgClass" name="Admin" time="4.061"/>
  <testcase classname="apr3.SecondTestNgClass" name="Admin" time="4.723"/>
  <testcase classname="apr3.SecondTestNgClass" name="Admin" time="2.147"/>
  <testcase classname="apr3.SecondTestNgClass" name="Admin" time="1.925"/>
  <testcase classname="apr3.SecondTestNgClass" name="PIM" time="0.0">
    <ignored/>
  </testcase> <!-- PIM -->
</testsuite> <!-- testngReports -->
